<?xml version="1.0" encoding="UTF-8"?>
<!-- Generated by org.testng.reporters.JUnitReportReporter -->
<testsuite hostname="DESKTOP-8J6VTEJ" failures="0" tests="1" name="com.automation.testcases.massiveEmails" time="2.170" errors="0" timestamp="2022-08-17T22:41:45 CST" skipped="0">
  <testcase classname="com.automation.testcases.massiveEmails" name="testMassiveEmails" time="2.170"/>
  <system-out/>
</testsuite> <!-- com.automation.testcases.massiveEmails -->
