<?xml version="1.0" encoding="UTF-8"?>
<!-- Generated by org.testng.reporters.JUnitReportReporter -->
<testsuite hostname="DESKTOP-8J6VTEJ" failures="0" tests="1" name="com.automation.testcases.testFiltros" time="1.193" errors="0" timestamp="2022-08-11T21:34:58 CST" skipped="0">
  <testcase classname="com.automation.testcases.testFiltros" name="testFiltros" time="1.193"/>
  <system-out/>
</testsuite> <!-- com.automation.testcases.testFiltros -->
